<?xml version="1.0" encoding="UTF-8"?>
<!-- Generated by org.testng.reporters.JUnitReportReporter -->
<testsuite hostname="HPX" failures="0" tests="3" name="cucumberOptions.TestNGTestRunner" time="26.861" errors="0" timestamp="2024-08-09T22:03:46 IST" skipped="0">
  <testcase classname="cucumberOptions.TestNGTestRunner" name="runScenario" time="9.159"/>
  <testcase classname="cucumberOptions.TestNGTestRunner" name="runScenario" time="7.733"/>
  <testcase classname="cucumberOptions.TestNGTestRunner" name="runScenario" time="9.969"/>
</testsuite> <!-- cucumberOptions.TestNGTestRunner -->
